<?xml version="1.0" encoding="UTF-8"?>
<coverage generated="1671815388649" clover="3.2.0">
  <project timestamp="1671815388650" name="All files">
    <metrics statements="4" coveredstatements="3" conditionals="0" coveredconditionals="0" methods="2" coveredmethods="1" elements="6" coveredelements="4" complexity="0" loc="4" ncloc="4" packages="1" files="1" classes="1"/>
    <file name="App.tsx" path="/Users/andrewpetrov/Projects/an1mus/chitchat/client/src/App.tsx">
      <metrics statements="4" coveredstatements="3" conditionals="0" coveredconditionals="0" methods="2" coveredmethods="1"/>
      <line num="7" count="2" type="stmt"/>
      <line num="8" count="2" type="stmt"/>
      <line num="10" count="2" type="stmt"/>
      <line num="12" count="0" type="stmt"/>
    </file>
  </project>
</coverage>
