{"/Users/andrewpetrov/Projects/an1mus/chitchat/client/src/App.tsx": {"path":"/Users/andrewpetrov/Projects/an1mus/chitchat/client/src/App.tsx","statementMap":{"0":{"start":{"line":7,"column":17},"end":{"line":7,"column":31}},"1":{"start":{"line":8,"column":44},"end":{"line":8,"column":59}},"2":{"start":{"line":10,"column":4},"end":{"line":24,"column":6}},"3":{"start":{"line":12,"column":36},"end":{"line":12,"column":57}}},"fnMap":{"0":{"name":"App","decl":{"start":{"line":6,"column":9},"end":{"line":6,"column":12}},"loc":{"start":{"line":6,"column":15},"end":{"line":25,"column":1}},"line":6},"1":{"name":"(anonymous_1)","decl":{"start":{"line":12,"column":29},"end":{"line":12,"column":30}},"loc":{"start":{"line":12,"column":36},"end":{"line":12,"column":57}},"line":12}},"branchMap":{},"s":{"0":2,"1":2,"2":2,"3":0},"f":{"0":2,"1":0},"b":{},"_coverageSchema":"1a1c01bbd47fc00a2c39e90264f33305004495a9","hash":"3a3ea390a2647f799be1a2fbf2f6d4b778583d2b"}
}
